2025-06-08T01:52:23: PM2 log: ===============================================================================
2025-06-08T01:52:23: PM2 log: --- New PM2 Daemon started ----------------------------------------------------
2025-06-08T01:52:23: PM2 log: Time                 : Sun Jun 08 2025 01:52:23 GMT-0500 (Central Daylight Time)
2025-06-08T01:52:23: PM2 log: PM2 version          : 6.0.8
2025-06-08T01:52:23: PM2 log: Node.js version      : 22.16.0
2025-06-08T01:52:23: PM2 log: Current arch         : x64
2025-06-08T01:52:23: PM2 log: PM2 home             : /root/.pm2
2025-06-08T01:52:23: PM2 log: PM2 PID file         : /root/.pm2/pm2.pid
2025-06-08T01:52:23: PM2 log: RPC socket file      : /root/.pm2/rpc.sock
2025-06-08T01:52:23: PM2 log: BUS socket file      : /root/.pm2/pub.sock
2025-06-08T01:52:23: PM2 log: Application log path : /root/.pm2/logs
2025-06-08T01:52:23: PM2 log: Worker Interval      : 30000
2025-06-08T01:52:23: PM2 log: Process dump file    : /root/.pm2/dump.pm2
2025-06-08T01:52:23: PM2 log: Concurrent actions   : 2
2025-06-08T01:52:23: PM2 log: SIGTERM timeout      : 1600
2025-06-08T01:52:23: PM2 log: Runtime Binary       : /usr/local/bin/node
2025-06-08T01:52:23: PM2 log: ===============================================================================
2025-06-08T01:52:23: PM2 log: App [cypher-node:0] starting in -fork mode-
2025-06-08T01:52:24: PM2 log: App [cypher-node:0] online
2025-06-08T01:54:59: PM2 log: Stopping app:cypher-node id:0
2025-06-08T01:54:59: PM2 log: pid=65509 msg=failed to kill - retrying in 100ms
2025-06-08T01:54:59: PM2 log: pid=65509 msg=failed to kill - retrying in 100ms
2025-06-08T01:54:59: PM2 log: pid=65509 msg=failed to kill - retrying in 100ms
2025-06-08T01:54:59: PM2 log: pid=65509 msg=failed to kill - retrying in 100ms
2025-06-08T01:54:59: PM2 log: pid=65509 msg=failed to kill - retrying in 100ms
2025-06-08T01:54:59: PM2 log: pid=65509 msg=failed to kill - retrying in 100ms
2025-06-08T01:55:00: PM2 log: pid=65509 msg=failed to kill - retrying in 100ms
2025-06-08T01:55:00: PM2 log: pid=65509 msg=failed to kill - retrying in 100ms
2025-06-08T01:55:00: PM2 log: pid=65509 msg=failed to kill - retrying in 100ms
2025-06-08T01:55:00: PM2 log: pid=65509 msg=failed to kill - retrying in 100ms
2025-06-08T01:55:00: PM2 log: pid=65509 msg=failed to kill - retrying in 100ms
2025-06-08T01:55:00: PM2 log: pid=65509 msg=failed to kill - retrying in 100ms
2025-06-08T01:55:00: PM2 log: pid=65509 msg=failed to kill - retrying in 100ms
2025-06-08T01:55:00: PM2 log: pid=65509 msg=failed to kill - retrying in 100ms
2025-06-08T01:55:00: PM2 log: pid=65509 msg=failed to kill - retrying in 100ms
2025-06-08T01:55:00: PM2 log: Process with pid 65509 still alive after 1600ms, sending it SIGKILL now...
2025-06-08T01:55:00: PM2 log: App [cypher-node:0] exited with code [0] via signal [SIGKILL]
2025-06-08T01:55:01: PM2 log: pid=65509 msg=process killed
